[debug] [2025-08-17T21:58:38.934Z] ----------------------------------------------------------------------
[debug] [2025-08-17T21:58:38.936Z] Command:       C:\Program Files\nodejs\node.exe C:\Users\win11\AppData\Roaming\npm\node_modules\firebase-tools\lib\bin\firebase.js init
[debug] [2025-08-17T21:58:38.936Z] CLI Version:   14.12.1
[debug] [2025-08-17T21:58:38.937Z] Platform:      win32
[debug] [2025-08-17T21:58:38.937Z] Node Version:  v21.6.1
[debug] [2025-08-17T21:58:38.937Z] Time:          Sun Aug 17 2025 23:58:38 GMT+0200 (hora de verano de Europa central)
[debug] [2025-08-17T21:58:38.937Z] ----------------------------------------------------------------------
[debug] 
[debug] [2025-08-17T21:58:38.943Z] > command requires scopes: ["email","openid","https://www.googleapis.com/auth/cloudplatformprojects.readonly","https://www.googleapis.com/auth/firebase","https://www.googleapis.com/auth/cloud-platform"]
[debug] [2025-08-17T21:58:38.943Z] > authorizing via signed-in user (mikelmartin43@gmail.com)
[info] 
     ######## #### ########  ######## ########     ###     ######  ########
     ##        ##  ##     ## ##       ##     ##  ##   ##  ##       ##
     ######    ##  ########  ######   ########  #########  ######  ######
     ##        ##  ##    ##  ##       ##     ## ##     ##       ## ##
     ##       #### ##     ## ######## ########  ##     ##  ######  ########

You're about to initialize a Firebase project in this directory:

  D:\Mikel\Projects\Code\Angular\dnd

[info] 
=== Project Setup
[info] 
[info] First, let's associate this project directory with a Firebase project.
[info] You can create multiple project aliases by running firebase use --add, 
[info] but for now we'll just set up a default project.
[info] 
[debug] [2025-08-17T21:59:03.544Z] Checked if tokens are valid: false, expires at: 1724021999665
[debug] [2025-08-17T21:59:03.544Z] Checked if tokens are valid: false, expires at: 1724021999665
[debug] [2025-08-17T21:59:03.544Z] > refreshing access token with scopes: []
[debug] [2025-08-17T21:59:03.546Z] >>> [apiv2][query] POST https://www.googleapis.com/oauth2/v3/token [none]
[debug] [2025-08-17T21:59:03.546Z] >>> [apiv2][body] POST https://www.googleapis.com/oauth2/v3/token [omitted]
[debug] [2025-08-17T21:59:03.679Z] <<< [apiv2][status] POST https://www.googleapis.com/oauth2/v3/token 400
[debug] [2025-08-17T21:59:03.679Z] <<< [apiv2][body] POST https://www.googleapis.com/oauth2/v3/token [omitted]
[debug] [2025-08-17T21:59:03.680Z] >>> [apiv2][query] GET https://firebase.googleapis.com/v1beta1/projects pageSize=100
[debug] [2025-08-17T21:59:03.773Z] <<< [apiv2][status] GET https://firebase.googleapis.com/v1beta1/projects 401
[debug] [2025-08-17T21:59:03.773Z] <<< [apiv2][body] GET https://firebase.googleapis.com/v1beta1/projects [omitted]
[debug] [2025-08-17T21:59:03.773Z] Got a 401 Unauthenticated error for a call that required authentication. Refreshing tokens.
[debug] [2025-08-17T21:59:03.774Z] Checked if tokens are valid: false, expires at: 1724021999665
[debug] [2025-08-17T21:59:03.774Z] Checked if tokens are valid: false, expires at: 1724021999665
[debug] [2025-08-17T21:59:03.774Z] > refreshing access token with scopes: []
[debug] [2025-08-17T21:59:03.774Z] >>> [apiv2][query] POST https://www.googleapis.com/oauth2/v3/token [none]
[debug] [2025-08-17T21:59:03.774Z] >>> [apiv2][body] POST https://www.googleapis.com/oauth2/v3/token [omitted]
[debug] [2025-08-17T21:59:03.821Z] <<< [apiv2][status] POST https://www.googleapis.com/oauth2/v3/token 400
[debug] [2025-08-17T21:59:03.821Z] <<< [apiv2][body] POST https://www.googleapis.com/oauth2/v3/token [omitted]
[debug] [2025-08-17T21:59:03.821Z] Request to https://firebase.googleapis.com/v1beta1/projects?pageSize=100 had HTTP Error: 401, Request had invalid authentication credentials. Expected OAuth 2 access token, login cookie or other valid authentication credential. See https://developers.google.com/identity/sign-in/web/devconsole-project.
[debug] [2025-08-17T21:59:03.903Z] FirebaseError: Request to https://firebase.googleapis.com/v1beta1/projects?pageSize=100 had HTTP Error: 401, Request had invalid authentication credentials. Expected OAuth 2 access token, login cookie or other valid authentication credential. See https://developers.google.com/identity/sign-in/web/devconsole-project.
    at responseToError (C:\Users\win11\AppData\Roaming\npm\node_modules\firebase-tools\lib\responseToError.js:52:12)
    at RetryOperation._fn (C:\Users\win11\AppData\Roaming\npm\node_modules\firebase-tools\lib\apiv2.js:312:77)
    at process.processTicksAndRejections (node:internal/process/task_queues:95:5)
[error] 
[error] Error: Failed to list Firebase projects. See firebase-debug.log for more info.
[debug] [2025-08-17T21:59:12.900Z] ----------------------------------------------------------------------
[debug] [2025-08-17T21:59:12.902Z] Command:       C:\Program Files\nodejs\node.exe C:\Users\win11\AppData\Roaming\npm\node_modules\firebase-tools\lib\bin\firebase.js init
[debug] [2025-08-17T21:59:12.902Z] CLI Version:   14.12.1
[debug] [2025-08-17T21:59:12.902Z] Platform:      win32
[debug] [2025-08-17T21:59:12.902Z] Node Version:  v21.6.1
[debug] [2025-08-17T21:59:12.903Z] Time:          Sun Aug 17 2025 23:59:12 GMT+0200 (hora de verano de Europa central)
[debug] [2025-08-17T21:59:12.903Z] ----------------------------------------------------------------------
[debug] 
[debug] [2025-08-17T21:59:12.909Z] > command requires scopes: ["email","openid","https://www.googleapis.com/auth/cloudplatformprojects.readonly","https://www.googleapis.com/auth/firebase","https://www.googleapis.com/auth/cloud-platform"]
[debug] [2025-08-17T21:59:12.909Z] > authorizing via signed-in user (mikelmartin43@gmail.com)
[info] 
     ######## #### ########  ######## ########     ###     ######  ########
     ##        ##  ##     ## ##       ##     ##  ##   ##  ##       ##
     ######    ##  ########  ######   ########  #########  ######  ######
     ##        ##  ##    ##  ##       ##     ## ##     ##       ## ##
     ##       #### ##     ## ######## ########  ##     ##  ######  ########

You're about to initialize a Firebase project in this directory:

  D:\Mikel\Projects\Code\Angular\dnd

[info] 
=== Project Setup
[info] 
[info] First, let's associate this project directory with a Firebase project.
[info] You can create multiple project aliases by running firebase use --add, 
[info] but for now we'll just set up a default project.
[info] 
[debug] [2025-08-17T22:00:11.152Z] Checked if tokens are valid: false, expires at: 1724021999665
[debug] [2025-08-17T22:00:11.152Z] Checked if tokens are valid: false, expires at: 1724021999665
[debug] [2025-08-17T22:00:11.152Z] > refreshing access token with scopes: []
[debug] [2025-08-17T22:00:11.153Z] >>> [apiv2][query] POST https://www.googleapis.com/oauth2/v3/token [none]
[debug] [2025-08-17T22:00:11.153Z] >>> [apiv2][body] POST https://www.googleapis.com/oauth2/v3/token [omitted]
[debug] [2025-08-17T22:00:11.295Z] <<< [apiv2][status] POST https://www.googleapis.com/oauth2/v3/token 400
[debug] [2025-08-17T22:00:11.295Z] <<< [apiv2][body] POST https://www.googleapis.com/oauth2/v3/token [omitted]
[debug] [2025-08-17T22:00:11.295Z] >>> [apiv2][query] GET https://firebase.googleapis.com/v1beta1/projects pageSize=100
[debug] [2025-08-17T22:00:11.404Z] <<< [apiv2][status] GET https://firebase.googleapis.com/v1beta1/projects 401
[debug] [2025-08-17T22:00:11.404Z] <<< [apiv2][body] GET https://firebase.googleapis.com/v1beta1/projects [omitted]
[debug] [2025-08-17T22:00:11.404Z] Got a 401 Unauthenticated error for a call that required authentication. Refreshing tokens.
[debug] [2025-08-17T22:00:11.404Z] Checked if tokens are valid: false, expires at: 1724021999665
[debug] [2025-08-17T22:00:11.404Z] Checked if tokens are valid: false, expires at: 1724021999665
[debug] [2025-08-17T22:00:11.405Z] > refreshing access token with scopes: []
[debug] [2025-08-17T22:00:11.405Z] >>> [apiv2][query] POST https://www.googleapis.com/oauth2/v3/token [none]
[debug] [2025-08-17T22:00:11.405Z] >>> [apiv2][body] POST https://www.googleapis.com/oauth2/v3/token [omitted]
[debug] [2025-08-17T22:00:11.457Z] <<< [apiv2][status] POST https://www.googleapis.com/oauth2/v3/token 400
[debug] [2025-08-17T22:00:11.457Z] <<< [apiv2][body] POST https://www.googleapis.com/oauth2/v3/token [omitted]
[debug] [2025-08-17T22:00:11.457Z] Request to https://firebase.googleapis.com/v1beta1/projects?pageSize=100 had HTTP Error: 401, Request had invalid authentication credentials. Expected OAuth 2 access token, login cookie or other valid authentication credential. See https://developers.google.com/identity/sign-in/web/devconsole-project.
[debug] [2025-08-17T22:00:11.560Z] FirebaseError: Request to https://firebase.googleapis.com/v1beta1/projects?pageSize=100 had HTTP Error: 401, Request had invalid authentication credentials. Expected OAuth 2 access token, login cookie or other valid authentication credential. See https://developers.google.com/identity/sign-in/web/devconsole-project.
    at responseToError (C:\Users\win11\AppData\Roaming\npm\node_modules\firebase-tools\lib\responseToError.js:52:12)
    at RetryOperation._fn (C:\Users\win11\AppData\Roaming\npm\node_modules\firebase-tools\lib\apiv2.js:312:77)
    at process.processTicksAndRejections (node:internal/process/task_queues:95:5)
[error] 
[error] Error: Failed to list Firebase projects. See firebase-debug.log for more info.
[debug] [2025-08-17T22:00:16.571Z] ----------------------------------------------------------------------
[debug] [2025-08-17T22:00:16.574Z] Command:       C:\Program Files\nodejs\node.exe C:\Users\win11\AppData\Roaming\npm\node_modules\firebase-tools\lib\bin\firebase.js init
[debug] [2025-08-17T22:00:16.574Z] CLI Version:   14.12.1
[debug] [2025-08-17T22:00:16.574Z] Platform:      win32
[debug] [2025-08-17T22:00:16.574Z] Node Version:  v21.6.1
[debug] [2025-08-17T22:00:16.575Z] Time:          Mon Aug 18 2025 00:00:16 GMT+0200 (hora de verano de Europa central)
[debug] [2025-08-17T22:00:16.575Z] ----------------------------------------------------------------------
[debug] 
[debug] [2025-08-17T22:00:16.580Z] > command requires scopes: ["email","openid","https://www.googleapis.com/auth/cloudplatformprojects.readonly","https://www.googleapis.com/auth/firebase","https://www.googleapis.com/auth/cloud-platform"]
[debug] [2025-08-17T22:00:16.581Z] > authorizing via signed-in user (mikelmartin43@gmail.com)
[info] 
     ######## #### ########  ######## ########     ###     ######  ########
     ##        ##  ##     ## ##       ##     ##  ##   ##  ##       ##
     ######    ##  ########  ######   ########  #########  ######  ######
     ##        ##  ##    ##  ##       ##     ## ##     ##       ## ##
     ##       #### ##     ## ######## ########  ##     ##  ######  ########

You're about to initialize a Firebase project in this directory:

  D:\Mikel\Projects\Code\Angular\dnd

[info] 
=== Project Setup
[info] 
[info] First, let's associate this project directory with a Firebase project.
[info] You can create multiple project aliases by running firebase use --add, 
[info] but for now we'll just set up a default project.
[info] 
[info] i  If you want to create a project in a Google Cloud organization or folder, please use "firebase projects:create" instead, and return to this command when you've created the project. 
[debug] [2025-08-17T22:00:57.174Z] Checked if tokens are valid: false, expires at: 1724021999665
[debug] [2025-08-17T22:00:57.175Z] Checked if tokens are valid: false, expires at: 1724021999665
[debug] [2025-08-17T22:00:57.175Z] > refreshing access token with scopes: []
[debug] [2025-08-17T22:00:57.176Z] >>> [apiv2][query] POST https://www.googleapis.com/oauth2/v3/token [none]
[debug] [2025-08-17T22:00:57.176Z] >>> [apiv2][body] POST https://www.googleapis.com/oauth2/v3/token [omitted]
[debug] [2025-08-17T22:00:57.319Z] <<< [apiv2][status] POST https://www.googleapis.com/oauth2/v3/token 400
[debug] [2025-08-17T22:00:57.319Z] <<< [apiv2][body] POST https://www.googleapis.com/oauth2/v3/token [omitted]
[debug] [2025-08-17T22:00:57.320Z] >>> [apiv2][query] POST https://firebase.googleapis.com/v1/projects:checkProjectId [none]
[debug] [2025-08-17T22:00:57.320Z] >>> [apiv2][body] POST https://firebase.googleapis.com/v1/projects:checkProjectId {"proposedId":"no-dungeons-no-dragons"}
[debug] [2025-08-17T22:00:57.409Z] <<< [apiv2][status] POST https://firebase.googleapis.com/v1/projects:checkProjectId 401
[debug] [2025-08-17T22:00:57.409Z] <<< [apiv2][body] POST https://firebase.googleapis.com/v1/projects:checkProjectId {"error":{"code":401,"message":"Request had invalid authentication credentials. Expected OAuth 2 access token, login cookie or other valid authentication credential. See https://developers.google.com/identity/sign-in/web/devconsole-project.","status":"UNAUTHENTICATED"}}
[debug] [2025-08-17T22:00:57.409Z] Got a 401 Unauthenticated error for a call that required authentication. Refreshing tokens.
[debug] [2025-08-17T22:00:57.409Z] Checked if tokens are valid: false, expires at: 1724021999665
[debug] [2025-08-17T22:00:57.410Z] Checked if tokens are valid: false, expires at: 1724021999665
[debug] [2025-08-17T22:00:57.410Z] > refreshing access token with scopes: []
[debug] [2025-08-17T22:00:57.410Z] >>> [apiv2][query] POST https://www.googleapis.com/oauth2/v3/token [none]
[debug] [2025-08-17T22:00:57.410Z] >>> [apiv2][body] POST https://www.googleapis.com/oauth2/v3/token [omitted]
[debug] [2025-08-17T22:00:57.456Z] <<< [apiv2][status] POST https://www.googleapis.com/oauth2/v3/token 400
[debug] [2025-08-17T22:00:57.456Z] <<< [apiv2][body] POST https://www.googleapis.com/oauth2/v3/token [omitted]
[debug] [2025-08-17T22:00:57.456Z] Couldn't check if project ID no-dungeons-no-dragons is available. Original error: FirebaseError: Failed to check if project ID is available. See firebase-debug.log for more info.
[debug] [2025-08-17T22:01:02.888Z] Checked if tokens are valid: false, expires at: 1724021999665
[debug] [2025-08-17T22:01:02.888Z] Checked if tokens are valid: false, expires at: 1724021999665
[debug] [2025-08-17T22:01:02.888Z] > refreshing access token with scopes: []
[debug] [2025-08-17T22:01:02.888Z] >>> [apiv2][query] POST https://www.googleapis.com/oauth2/v3/token [none]
[debug] [2025-08-17T22:01:02.888Z] >>> [apiv2][body] POST https://www.googleapis.com/oauth2/v3/token [omitted]
[debug] [2025-08-17T22:01:02.985Z] <<< [apiv2][status] POST https://www.googleapis.com/oauth2/v3/token 400
[debug] [2025-08-17T22:01:02.985Z] <<< [apiv2][body] POST https://www.googleapis.com/oauth2/v3/token [omitted]
[debug] [2025-08-17T22:01:02.985Z] >>> [apiv2][query] POST https://cloudresourcemanager.googleapis.com/v1/projects [none]
[debug] [2025-08-17T22:01:02.985Z] >>> [apiv2][body] POST https://cloudresourcemanager.googleapis.com/v1/projects {"projectId":"no-dungeons-no-dragons","name":"no-dungeons-no-dragons"}
[debug] [2025-08-17T22:01:03.631Z] <<< [apiv2][status] POST https://cloudresourcemanager.googleapis.com/v1/projects 401
[debug] [2025-08-17T22:01:03.631Z] <<< [apiv2][body] POST https://cloudresourcemanager.googleapis.com/v1/projects {"error":{"code":401,"message":"Request had invalid authentication credentials. Expected OAuth 2 access token, login cookie or other valid authentication credential. See https://developers.google.com/identity/sign-in/web/devconsole-project.","status":"UNAUTHENTICATED","details":[{"@type":"type.googleapis.com/google.rpc.ErrorInfo","reason":"ACCESS_TOKEN_TYPE_UNSUPPORTED","metadata":{"method":"google.cloudresourcemanager.v1.Projects.CreateProject","service":"cloudresourcemanager.googleapis.com"}}]}}
[debug] [2025-08-17T22:01:03.631Z] Got a 401 Unauthenticated error for a call that required authentication. Refreshing tokens.
[debug] [2025-08-17T22:01:03.631Z] Checked if tokens are valid: false, expires at: 1724021999665
[debug] [2025-08-17T22:01:03.631Z] Checked if tokens are valid: false, expires at: 1724021999665
[debug] [2025-08-17T22:01:03.631Z] > refreshing access token with scopes: []
[debug] [2025-08-17T22:01:03.632Z] >>> [apiv2][query] POST https://www.googleapis.com/oauth2/v3/token [none]
[debug] [2025-08-17T22:01:03.632Z] >>> [apiv2][body] POST https://www.googleapis.com/oauth2/v3/token [omitted]
[debug] [2025-08-17T22:01:03.676Z] <<< [apiv2][status] POST https://www.googleapis.com/oauth2/v3/token 400
[debug] [2025-08-17T22:01:03.676Z] <<< [apiv2][body] POST https://www.googleapis.com/oauth2/v3/token [omitted]
[debug] [2025-08-17T22:01:03.766Z] FirebaseError: Request to https://cloudresourcemanager.googleapis.com/v1/projects had HTTP Error: 401, Request had invalid authentication credentials. Expected OAuth 2 access token, login cookie or other valid authentication credential. See https://developers.google.com/identity/sign-in/web/devconsole-project.
    at responseToError (C:\Users\win11\AppData\Roaming\npm\node_modules\firebase-tools\lib\responseToError.js:52:12)
    at RetryOperation._fn (C:\Users\win11\AppData\Roaming\npm\node_modules\firebase-tools\lib\apiv2.js:312:77)
    at process.processTicksAndRejections (node:internal/process/task_queues:95:5)
[error] 
[error] Error: Failed to create project. See firebase-debug.log for more info.
[debug] [2025-08-17T22:01:49.332Z] ----------------------------------------------------------------------
[debug] [2025-08-17T22:01:49.334Z] Command:       C:\Program Files\nodejs\node.exe C:\Users\win11\AppData\Roaming\npm\node_modules\firebase-tools\lib\bin\firebase.js init
[debug] [2025-08-17T22:01:49.334Z] CLI Version:   14.12.1
[debug] [2025-08-17T22:01:49.334Z] Platform:      win32
[debug] [2025-08-17T22:01:49.334Z] Node Version:  v21.6.1
[debug] [2025-08-17T22:01:49.335Z] Time:          Mon Aug 18 2025 00:01:49 GMT+0200 (hora de verano de Europa central)
[debug] [2025-08-17T22:01:49.335Z] ----------------------------------------------------------------------
[debug] 
[debug] [2025-08-17T22:01:49.340Z] > command requires scopes: ["email","openid","https://www.googleapis.com/auth/cloudplatformprojects.readonly","https://www.googleapis.com/auth/firebase","https://www.googleapis.com/auth/cloud-platform"]
[debug] [2025-08-17T22:01:49.341Z] > authorizing via signed-in user (mikelmartin43@gmail.com)
[info] 
     ######## #### ########  ######## ########     ###     ######  ########
     ##        ##  ##     ## ##       ##     ##  ##   ##  ##       ##
     ######    ##  ########  ######   ########  #########  ######  ######
     ##        ##  ##    ##  ##       ##     ## ##     ##       ## ##
     ##       #### ##     ## ######## ########  ##     ##  ######  ########

You're about to initialize a Firebase project in this directory:

  D:\Mikel\Projects\Code\Angular\dnd

[info] 
=== Project Setup
[info] 
[info] First, let's associate this project directory with a Firebase project.
[info] You can create multiple project aliases by running firebase use --add, 
[info] but for now we'll just set up a default project.
[info] 
[debug] [2025-08-17T22:02:22.990Z] Checked if tokens are valid: false, expires at: 1724021999665
[debug] [2025-08-17T22:02:22.990Z] Checked if tokens are valid: false, expires at: 1724021999665
[debug] [2025-08-17T22:02:22.990Z] > refreshing access token with scopes: []
[debug] [2025-08-17T22:02:22.991Z] >>> [apiv2][query] POST https://www.googleapis.com/oauth2/v3/token [none]
[debug] [2025-08-17T22:02:22.991Z] >>> [apiv2][body] POST https://www.googleapis.com/oauth2/v3/token [omitted]
[debug] [2025-08-17T22:02:23.118Z] <<< [apiv2][status] POST https://www.googleapis.com/oauth2/v3/token 400
[debug] [2025-08-17T22:02:23.118Z] <<< [apiv2][body] POST https://www.googleapis.com/oauth2/v3/token [omitted]
[debug] [2025-08-17T22:02:23.119Z] >>> [apiv2][query] GET https://firebase.googleapis.com/v1beta1/projects pageSize=100
[debug] [2025-08-17T22:02:23.213Z] <<< [apiv2][status] GET https://firebase.googleapis.com/v1beta1/projects 401
[debug] [2025-08-17T22:02:23.213Z] <<< [apiv2][body] GET https://firebase.googleapis.com/v1beta1/projects [omitted]
[debug] [2025-08-17T22:02:23.213Z] Got a 401 Unauthenticated error for a call that required authentication. Refreshing tokens.
[debug] [2025-08-17T22:02:23.213Z] Checked if tokens are valid: false, expires at: 1724021999665
[debug] [2025-08-17T22:02:23.213Z] Checked if tokens are valid: false, expires at: 1724021999665
[debug] [2025-08-17T22:02:23.213Z] > refreshing access token with scopes: []
[debug] [2025-08-17T22:02:23.214Z] >>> [apiv2][query] POST https://www.googleapis.com/oauth2/v3/token [none]
[debug] [2025-08-17T22:02:23.214Z] >>> [apiv2][body] POST https://www.googleapis.com/oauth2/v3/token [omitted]
[debug] [2025-08-17T22:02:23.260Z] <<< [apiv2][status] POST https://www.googleapis.com/oauth2/v3/token 400
[debug] [2025-08-17T22:02:23.260Z] <<< [apiv2][body] POST https://www.googleapis.com/oauth2/v3/token [omitted]
[debug] [2025-08-17T22:02:23.260Z] Request to https://firebase.googleapis.com/v1beta1/projects?pageSize=100 had HTTP Error: 401, Request had invalid authentication credentials. Expected OAuth 2 access token, login cookie or other valid authentication credential. See https://developers.google.com/identity/sign-in/web/devconsole-project.
[debug] [2025-08-17T22:02:23.347Z] FirebaseError: Request to https://firebase.googleapis.com/v1beta1/projects?pageSize=100 had HTTP Error: 401, Request had invalid authentication credentials. Expected OAuth 2 access token, login cookie or other valid authentication credential. See https://developers.google.com/identity/sign-in/web/devconsole-project.
    at responseToError (C:\Users\win11\AppData\Roaming\npm\node_modules\firebase-tools\lib\responseToError.js:52:12)
    at RetryOperation._fn (C:\Users\win11\AppData\Roaming\npm\node_modules\firebase-tools\lib\apiv2.js:312:77)
    at process.processTicksAndRejections (node:internal/process/task_queues:95:5)
[error] 
[error] Error: Failed to list Firebase projects. See firebase-debug.log for more info.
